2025-10-03 23:32:51,878 - INFO - initiate the data ingestion
2025-10-03 23:32:55,530 - INFO - Performed train test split on the dataframe
2025-10-03 23:32:55,530 - INFO - Exited split_data_as_train_test method of Data_Ingestion class
2025-10-03 23:32:55,531 - INFO - Exporting train and test file path.
2025-10-03 23:32:55,700 - INFO - Exported train and test file path.
2025-10-03 23:32:55,701 - INFO - completed the data ingestion
2025-10-03 23:32:55,750 - INFO - initiating the data validation
2025-10-03 23:32:55,834 - INFO - Required number of columns:3
2025-10-03 23:32:55,835 - INFO - Data frame has columns:31
2025-10-03 23:32:55,835 - INFO - Required number of columns:3
2025-10-03 23:32:55,835 - INFO - Data frame has columns:31
2025-10-03 23:32:56,507 - INFO - completed the data validation
2025-10-03 23:32:56,508 - INFO - data Transformation started
2025-10-03 23:32:56,508 - INFO - Entered initiate_data_transformation method of DataTransformation class
2025-10-03 23:32:56,509 - INFO - Starting data transformation
2025-10-03 23:32:56,616 - INFO - Entered get_data_trnasformer_object method of Trnasformation class
2025-10-03 23:32:56,616 - INFO - Initialise KNNImputer with {'missing_values': nan, 'n_neighbors': 3, 'weights': 'uniform'}
2025-10-03 23:32:56,642 - INFO - Entered the save object method of MainUtils class
2025-10-03 23:32:56,649 - INFO - Excited the save_object method of MainUtils class
2025-10-03 23:32:56,649 - INFO - Entered the save object method of MainUtils class
2025-10-03 23:32:56,654 - INFO - Excited the save_object method of MainUtils class
2025-10-03 23:32:56,656 - INFO - data Transformation completed
2025-10-03 23:32:56,657 - INFO - Model Training sstared
