2025-10-04 11:07:26,472 - INFO - initiate the data ingestion
2025-10-04 11:07:30,415 - INFO - Performed train test split on the dataframe
2025-10-04 11:07:30,417 - INFO - Exited split_data_as_train_test method of Data_Ingestion class
2025-10-04 11:07:30,417 - INFO - Exporting train and test file path.
2025-10-04 11:07:30,557 - INFO - Exported train and test file path.
2025-10-04 11:07:30,558 - INFO - completed the data ingestion
2025-10-04 11:07:30,573 - INFO - initiating the data validation
2025-10-04 11:07:30,623 - INFO - Required number of columns:3
2025-10-04 11:07:30,624 - INFO - Data frame has columns:31
2025-10-04 11:07:30,624 - INFO - Required number of columns:3
2025-10-04 11:07:30,624 - INFO - Data frame has columns:31
2025-10-04 11:07:30,891 - INFO - completed the data validation
2025-10-04 11:07:30,891 - INFO - data Transformation started
2025-10-04 11:07:30,892 - INFO - Entered initiate_data_transformation method of DataTransformation class
2025-10-04 11:07:30,892 - INFO - Starting data transformation
2025-10-04 11:07:30,945 - INFO - Entered get_data_trnasformer_object method of Trnasformation class
2025-10-04 11:07:30,946 - INFO - Initialise KNNImputer with {'missing_values': nan, 'n_neighbors': 3, 'weights': 'uniform'}
2025-10-04 11:07:30,981 - INFO - Entered the save object method of MainUtils class
2025-10-04 11:07:30,986 - INFO - Excited the save_object method of MainUtils class
2025-10-04 11:07:30,987 - INFO - Entered the save object method of MainUtils class
2025-10-04 11:07:30,992 - INFO - Excited the save_object method of MainUtils class
2025-10-04 11:07:30,995 - INFO - data Transformation completed
2025-10-04 11:07:30,995 - INFO - Model Training sstared
