2025-10-04 17:07:57,938 - INFO - initiate the data ingestion
2025-10-04 17:08:01,665 - INFO - Performed train test split on the dataframe
2025-10-04 17:08:01,665 - INFO - Exited split_data_as_train_test method of Data_Ingestion class
2025-10-04 17:08:01,666 - INFO - Exporting train and test file path.
2025-10-04 17:08:01,748 - INFO - Exported train and test file path.
2025-10-04 17:08:01,749 - INFO - completed the data ingestion
2025-10-04 17:08:01,766 - INFO - initiating the data validation
2025-10-04 17:08:01,806 - INFO - Required number of columns:3
2025-10-04 17:08:01,806 - INFO - Data frame has columns:31
2025-10-04 17:08:01,807 - INFO - Required number of columns:3
2025-10-04 17:08:01,807 - INFO - Data frame has columns:31
2025-10-04 17:08:02,015 - INFO - completed the data validation
2025-10-04 17:08:02,016 - INFO - data Transformation started
2025-10-04 17:08:02,016 - INFO - Entered initiate_data_transformation method of DataTransformation class
2025-10-04 17:08:02,016 - INFO - Starting data transformation
2025-10-04 17:08:02,064 - INFO - Entered get_data_trnasformer_object method of Trnasformation class
2025-10-04 17:08:02,064 - INFO - Initialise KNNImputer with {'missing_values': nan, 'n_neighbors': 3, 'weights': 'uniform'}
2025-10-04 17:08:02,084 - INFO - Entered the save object method of MainUtils class
2025-10-04 17:08:02,089 - INFO - Excited the save_object method of MainUtils class
2025-10-04 17:08:02,089 - INFO - Entered the save object method of MainUtils class
2025-10-04 17:08:02,093 - INFO - Excited the save_object method of MainUtils class
2025-10-04 17:08:02,095 - INFO - data Transformation completed
2025-10-04 17:08:02,095 - INFO - Model Training sstared
2025-10-04 17:18:32,986 - INFO - Entered the save object method of MainUtils class
2025-10-04 17:18:32,989 - INFO - Excited the save_object method of MainUtils class
2025-10-04 17:18:32,990 - INFO - Model trainer artifact: ModelTrainerArtifact(trained_model_file_path='Artifacts\\10_04_2025_17_07_57\\model_trainer\\trained_model\\model.pkl', train_metric_artifact=ClassificationMetricArtifact(f1_score=0.991237788296908, precision_score=0.9873595505617978, recall_score=0.9951466127401416), test_metric_artifact=ClassificationMetricArtifact(f1_score=0.9692496924969249, precision_score=0.9633251833740831, recall_score=0.9752475247524752))
2025-10-04 17:18:33,005 - INFO - Model Training artifact created
