2025-10-04 16:33:21,434 - INFO - initiate the data ingestion
2025-10-04 16:33:25,932 - INFO - Performed train test split on the dataframe
2025-10-04 16:33:25,932 - INFO - Exited split_data_as_train_test method of Data_Ingestion class
2025-10-04 16:33:25,932 - INFO - Exporting train and test file path.
2025-10-04 16:33:26,099 - INFO - Exported train and test file path.
2025-10-04 16:33:26,100 - INFO - completed the data ingestion
2025-10-04 16:33:26,145 - INFO - initiating the data validation
2025-10-04 16:33:26,178 - INFO - Required number of columns:3
2025-10-04 16:33:26,178 - INFO - Data frame has columns:31
2025-10-04 16:33:26,178 - INFO - Required number of columns:3
2025-10-04 16:33:26,178 - INFO - Data frame has columns:31
2025-10-04 16:33:26,400 - INFO - completed the data validation
2025-10-04 16:33:26,400 - INFO - data Transformation started
2025-10-04 16:33:26,400 - INFO - Entered initiate_data_transformation method of DataTransformation class
2025-10-04 16:33:26,400 - INFO - Starting data transformation
2025-10-04 16:33:26,450 - INFO - Entered get_data_trnasformer_object method of Trnasformation class
2025-10-04 16:33:26,450 - INFO - Initialise KNNImputer with {'missing_values': nan, 'n_neighbors': 3, 'weights': 'uniform'}
2025-10-04 16:33:26,471 - INFO - Entered the save object method of MainUtils class
2025-10-04 16:33:26,475 - INFO - Excited the save_object method of MainUtils class
2025-10-04 16:33:26,476 - INFO - Entered the save object method of MainUtils class
2025-10-04 16:33:26,480 - INFO - Excited the save_object method of MainUtils class
2025-10-04 16:33:26,481 - INFO - data Transformation completed
2025-10-04 16:33:26,482 - INFO - Model Training sstared
2025-10-04 16:39:31,890 - INFO - Entered the save object method of MainUtils class
2025-10-04 16:39:31,895 - INFO - Excited the save_object method of MainUtils class
2025-10-04 16:39:31,896 - INFO - Model trainer artifact: ModelTrainerArtifact(trained_model_file_path='Artifacts\\10_04_2025_16_33_21\\model_trainer\\trained_model\\model.pkl', train_metric_artifact=ClassificationMetricArtifact(f1_score=0.9910091928477625, precision_score=0.9899091826437941, recall_score=0.9921116504854369), test_metric_artifact=ClassificationMetricArtifact(f1_score=0.9714285714285714, precision_score=0.9620048504446241, recall_score=0.9810387469084914))
2025-10-04 16:39:31,904 - INFO - Model Training artifact created
