2025-10-03 23:20:08,527 - INFO - initiate the data ingestion
2025-10-03 23:20:12,175 - INFO - Performed train test split on the dataframe
2025-10-03 23:20:12,176 - INFO - Exited split_data_as_train_test method of Data_Ingestion class
2025-10-03 23:20:12,188 - INFO - Exporting train and test file path.
2025-10-03 23:20:12,358 - INFO - Exported train and test file path.
2025-10-03 23:20:12,360 - INFO - completed the data ingestion
2025-10-03 23:20:12,523 - INFO - initiating the data validation
2025-10-03 23:20:12,631 - INFO - Required number of columns:3
2025-10-03 23:20:12,631 - INFO - Data frame has columns:31
2025-10-03 23:20:12,642 - INFO - Required number of columns:3
2025-10-03 23:20:12,642 - INFO - Data frame has columns:31
2025-10-03 23:20:13,283 - INFO - completed the data validation
2025-10-03 23:20:13,283 - INFO - data Transformation started
2025-10-03 23:20:13,283 - INFO - Entered initiate_data_transformation method of DataTransformation class
2025-10-03 23:20:13,284 - INFO - Starting data transformation
2025-10-03 23:20:13,411 - INFO - Entered get_data_trnasformer_object method of Trnasformation class
2025-10-03 23:20:13,411 - INFO - Initialise KNNImputer with {'missing_values': nan, 'n_neighbors': 3, 'weights': 'uniform'}
2025-10-03 23:20:13,559 - INFO - Entered the save object method of MainUtils class
2025-10-03 23:20:13,678 - INFO - Excited the save_object method of MainUtils class
2025-10-03 23:20:13,679 - INFO - Entered the save object method of MainUtils class
2025-10-03 23:20:14,074 - INFO - Excited the save_object method of MainUtils class
2025-10-03 23:20:14,247 - INFO - data Transformation completed
2025-10-03 23:20:14,247 - INFO - Model Training sstared
