2025-10-03 23:31:35,766 - INFO - initiate the data ingestion
2025-10-03 23:31:40,671 - INFO - Performed train test split on the dataframe
2025-10-03 23:31:40,671 - INFO - Exited split_data_as_train_test method of Data_Ingestion class
2025-10-03 23:31:40,672 - INFO - Exporting train and test file path.
2025-10-03 23:31:41,030 - INFO - Exported train and test file path.
2025-10-03 23:31:41,046 - INFO - completed the data ingestion
2025-10-03 23:31:41,150 - INFO - initiating the data validation
2025-10-03 23:31:41,310 - INFO - Required number of columns:3
2025-10-03 23:31:41,311 - INFO - Data frame has columns:31
2025-10-03 23:31:41,312 - INFO - Required number of columns:3
2025-10-03 23:31:41,312 - INFO - Data frame has columns:31
2025-10-03 23:31:42,021 - INFO - completed the data validation
2025-10-03 23:31:42,022 - INFO - data Transformation started
2025-10-03 23:31:42,023 - INFO - Entered initiate_data_transformation method of DataTransformation class
2025-10-03 23:31:42,023 - INFO - Starting data transformation
2025-10-03 23:31:42,136 - INFO - Entered get_data_trnasformer_object method of Trnasformation class
2025-10-03 23:31:42,136 - INFO - Initialise KNNImputer with {'missing_values': nan, 'n_neighbors': 3, 'weights': 'uniform'}
2025-10-03 23:31:42,175 - INFO - Entered the save object method of MainUtils class
2025-10-03 23:31:42,182 - INFO - Excited the save_object method of MainUtils class
2025-10-03 23:31:42,182 - INFO - Entered the save object method of MainUtils class
2025-10-03 23:31:42,189 - INFO - Excited the save_object method of MainUtils class
2025-10-03 23:31:42,194 - INFO - data Transformation completed
2025-10-03 23:31:42,194 - INFO - Model Training sstared
