2025-10-04 10:43:48,237 - INFO - initiate the data ingestion
2025-10-04 10:43:56,515 - INFO - Performed train test split on the dataframe
2025-10-04 10:43:56,516 - INFO - Exited split_data_as_train_test method of Data_Ingestion class
2025-10-04 10:43:56,516 - INFO - Exporting train and test file path.
2025-10-04 10:43:56,649 - INFO - Exported train and test file path.
2025-10-04 10:43:56,651 - INFO - completed the data ingestion
2025-10-04 10:43:56,672 - INFO - initiating the data validation
2025-10-04 10:43:56,738 - INFO - Required number of columns:3
2025-10-04 10:43:56,738 - INFO - Data frame has columns:31
2025-10-04 10:43:56,739 - INFO - Required number of columns:3
2025-10-04 10:43:56,739 - INFO - Data frame has columns:31
2025-10-04 10:43:57,148 - INFO - completed the data validation
2025-10-04 10:43:57,148 - INFO - data Transformation started
2025-10-04 10:43:57,148 - INFO - Entered initiate_data_transformation method of DataTransformation class
2025-10-04 10:43:57,148 - INFO - Starting data transformation
2025-10-04 10:43:57,205 - INFO - Entered get_data_trnasformer_object method of Trnasformation class
2025-10-04 10:43:57,205 - INFO - Initialise KNNImputer with {'missing_values': nan, 'n_neighbors': 3, 'weights': 'uniform'}
2025-10-04 10:43:57,234 - INFO - Entered the save object method of MainUtils class
2025-10-04 10:43:57,239 - INFO - Excited the save_object method of MainUtils class
2025-10-04 10:43:57,239 - INFO - Entered the save object method of MainUtils class
2025-10-04 10:43:57,244 - INFO - Excited the save_object method of MainUtils class
2025-10-04 10:43:57,246 - INFO - data Transformation completed
2025-10-04 10:43:57,246 - INFO - Model Training sstared
