2025-10-03 23:27:23,852 - INFO - initiate the data ingestion
2025-10-03 23:27:27,829 - INFO - Performed train test split on the dataframe
2025-10-03 23:27:27,829 - INFO - Exited split_data_as_train_test method of Data_Ingestion class
2025-10-03 23:27:27,830 - INFO - Exporting train and test file path.
2025-10-03 23:27:27,969 - INFO - Exported train and test file path.
2025-10-03 23:27:27,971 - INFO - completed the data ingestion
2025-10-03 23:27:27,998 - INFO - initiating the data validation
2025-10-03 23:27:28,064 - INFO - Required number of columns:3
2025-10-03 23:27:28,065 - INFO - Data frame has columns:31
2025-10-03 23:27:28,065 - INFO - Required number of columns:3
2025-10-03 23:27:28,067 - INFO - Data frame has columns:31
2025-10-03 23:27:28,493 - INFO - completed the data validation
2025-10-03 23:27:28,493 - INFO - data Transformation started
2025-10-03 23:27:28,494 - INFO - Entered initiate_data_transformation method of DataTransformation class
2025-10-03 23:27:28,494 - INFO - Starting data transformation
2025-10-03 23:27:28,562 - INFO - Entered get_data_trnasformer_object method of Trnasformation class
2025-10-03 23:27:28,562 - INFO - Initialise KNNImputer with {'missing_values': nan, 'n_neighbors': 3, 'weights': 'uniform'}
2025-10-03 23:27:28,586 - INFO - Entered the save object method of MainUtils class
2025-10-03 23:27:28,591 - INFO - Excited the save_object method of MainUtils class
2025-10-03 23:27:28,591 - INFO - Entered the save object method of MainUtils class
2025-10-03 23:27:28,596 - INFO - Excited the save_object method of MainUtils class
2025-10-03 23:27:28,598 - INFO - data Transformation completed
2025-10-03 23:27:28,599 - INFO - Model Training sstared
