2025-10-04 16:51:17,106 - INFO - initiate the data ingestion
2025-10-04 16:51:20,588 - INFO - Performed train test split on the dataframe
2025-10-04 16:51:20,589 - INFO - Exited split_data_as_train_test method of Data_Ingestion class
2025-10-04 16:51:20,589 - INFO - Exporting train and test file path.
2025-10-04 16:51:20,700 - INFO - Exported train and test file path.
2025-10-04 16:51:20,700 - INFO - completed the data ingestion
2025-10-04 16:51:20,714 - INFO - initiating the data validation
2025-10-04 16:51:20,763 - INFO - Required number of columns:3
2025-10-04 16:51:20,763 - INFO - Data frame has columns:31
2025-10-04 16:51:20,763 - INFO - Required number of columns:3
2025-10-04 16:51:20,763 - INFO - Data frame has columns:31
2025-10-04 16:51:21,004 - INFO - completed the data validation
2025-10-04 16:51:21,004 - INFO - data Transformation started
2025-10-04 16:51:21,004 - INFO - Entered initiate_data_transformation method of DataTransformation class
2025-10-04 16:51:21,004 - INFO - Starting data transformation
2025-10-04 16:51:21,055 - INFO - Entered get_data_trnasformer_object method of Trnasformation class
2025-10-04 16:51:21,055 - INFO - Initialise KNNImputer with {'missing_values': nan, 'n_neighbors': 3, 'weights': 'uniform'}
2025-10-04 16:51:21,078 - INFO - Entered the save object method of MainUtils class
2025-10-04 16:51:21,083 - INFO - Excited the save_object method of MainUtils class
2025-10-04 16:51:21,083 - INFO - Entered the save object method of MainUtils class
2025-10-04 16:51:21,088 - INFO - Excited the save_object method of MainUtils class
2025-10-04 16:51:21,089 - INFO - data Transformation completed
2025-10-04 16:51:21,089 - INFO - Model Training sstared
