2025-10-03 23:26:57,900 - INFO - initiate the data ingestion
2025-10-03 23:27:02,177 - INFO - Performed train test split on the dataframe
2025-10-03 23:27:02,177 - INFO - Exited split_data_as_train_test method of Data_Ingestion class
2025-10-03 23:27:02,178 - INFO - Exporting train and test file path.
2025-10-03 23:27:02,286 - INFO - Exported train and test file path.
2025-10-03 23:27:02,288 - INFO - completed the data ingestion
2025-10-03 23:27:02,301 - INFO - initiating the data validation
2025-10-03 23:27:02,368 - INFO - Required number of columns:3
2025-10-03 23:27:02,368 - INFO - Data frame has columns:31
2025-10-03 23:27:02,369 - INFO - Required number of columns:3
2025-10-03 23:27:02,369 - INFO - Data frame has columns:31
2025-10-03 23:27:02,668 - INFO - completed the data validation
2025-10-03 23:27:02,670 - INFO - data Transformation started
2025-10-03 23:27:02,670 - INFO - Entered initiate_data_transformation method of DataTransformation class
2025-10-03 23:27:02,670 - INFO - Starting data transformation
2025-10-03 23:27:02,775 - INFO - Entered get_data_trnasformer_object method of Trnasformation class
2025-10-03 23:27:02,776 - INFO - Initialise KNNImputer with {'missing_values': nan, 'n_neighbors': 3, 'weights': 'uniform'}
2025-10-03 23:27:02,802 - INFO - Entered the save object method of MainUtils class
2025-10-03 23:27:02,810 - INFO - Excited the save_object method of MainUtils class
2025-10-03 23:27:02,810 - INFO - Entered the save object method of MainUtils class
2025-10-03 23:27:02,816 - INFO - Excited the save_object method of MainUtils class
2025-10-03 23:27:02,818 - INFO - data Transformation completed
2025-10-03 23:27:02,819 - INFO - Model Training sstared
